#-----------------------------------------------------------
# Vivado v2019.1 (64-bit)
# SW Build 2552052 on Fri May 24 14:49:42 MDT 2019
# IP Build 2548770 on Fri May 24 18:01:18 MDT 2019
# Start of session at: Mon May  8 13:35:14 2023
# Process ID: 12960
# Current directory: D:/Parscoders/400861_VHDL_RS232_BuubleSort/Vivado/Main020217
# Command line: vivado.exe -gui_launcher_event rodinguilauncherevent7532 D:\Parscoders\400861_VHDL_RS232_BuubleSort\Vivado\Main020217\Main020217.xpr
# Log file: D:/Parscoders/400861_VHDL_RS232_BuubleSort/Vivado/Main020217/vivado.log
# Journal file: D:/Parscoders/400861_VHDL_RS232_BuubleSort/Vivado/Main020217\vivado.jou
#-----------------------------------------------------------
start_gui
open_project D:/Parscoders/400861_VHDL_RS232_BuubleSort/Vivado/Main020217/Main020217.xpr
Scanning sources...
Finished scanning sources
INFO: [IP_Flow 19-234] Refreshing IP repositories
INFO: [IP_Flow 19-1704] No user IP repositories specified
INFO: [IP_Flow 19-2313] Loaded Vivado IP repository 'D:/Xilinx/Vivado/2019.1/data/ip'.
update_compile_order -fileset sources_1
export_ip_user_files -of_objects  [get_files D:/Parscoders/400861_VHDL_RS232_BuubleSort/ISE/Main020217/Receiver.vhd] -no_script -reset -force -quiet
export_ip_user_files -of_objects  [get_files D:/Parscoders/400861_VHDL_RS232_BuubleSort/ISE/Main020217/Transmitter.vhd] -no_script -reset -force -quiet
remove_files  {D:/Parscoders/400861_VHDL_RS232_BuubleSort/ISE/Main020217/Receiver.vhd D:/Parscoders/400861_VHDL_RS232_BuubleSort/ISE/Main020217/Transmitter.vhd}
import_files -norecurse {D:/Parscoders/400861_VHDL_RS232_BuubleSort/ISE/Main020217/Transmitter.vhd D:/Parscoders/400861_VHDL_RS232_BuubleSort/ISE/Main020217/Receiver.vhd}
update_compile_order -fileset sources_1
import_files -norecurse D:/Parscoders/400861_VHDL_RS232_BuubleSort/ISE/Main020217/Main_tb.vhd
update_compile_order -fileset sources_1
update_compile_order -fileset sources_1
import_files -norecurse D:/Parscoders/400861_VHDL_RS232_BuubleSort/ISE/Main020217/TestData.txt
reset_run synth_1
launch_runs synth_1 -jobs 8
[Mon May  8 13:40:06 2023] Launched synth_1...
Run output will be captured here: D:/Parscoders/400861_VHDL_RS232_BuubleSort/Vivado/Main020217/Main020217.runs/synth_1/runme.log
move_files -fileset sim_1 [get_files  D:/Parscoders/400861_VHDL_RS232_BuubleSort/Vivado/Main020217/Main020217.srcs/sources_1/imports/Main020217/Main_tb.vhd]
update_compile_order -fileset sources_1
reset_run synth_1
launch_runs synth_1 -jobs 8
[Mon May  8 13:41:45 2023] Launched synth_1...
Run output will be captured here: D:/Parscoders/400861_VHDL_RS232_BuubleSort/Vivado/Main020217/Main020217.runs/synth_1/runme.log
exit
INFO: [Common 17-206] Exiting Vivado at Mon May  8 13:50:00 2023...
