#-----------------------------------------------------------
# Vivado v2019.1 (64-bit)
# SW Build 2552052 on Fri May 24 14:49:42 MDT 2019
# IP Build 2548770 on Fri May 24 18:01:18 MDT 2019
# Start of session at: Mon May  8 10:33:10 2023
# Process ID: 796
# Current directory: D:/Parscoders/400861_VHDL_RS232_BuubleSort/Vivado/Main020217
# Command line: vivado.exe -gui_launcher_event rodinguilauncherevent16116 D:\Parscoders\400861_VHDL_RS232_BuubleSort\Vivado\Main020217\Main020217.xpr
# Log file: D:/Parscoders/400861_VHDL_RS232_BuubleSort/Vivado/Main020217/vivado.log
# Journal file: D:/Parscoders/400861_VHDL_RS232_BuubleSort/Vivado/Main020217\vivado.jou
#-----------------------------------------------------------
start_gui
open_project D:/Parscoders/400861_VHDL_RS232_BuubleSort/Vivado/Main020217/Main020217.xpr
INFO: [Project 1-313] Project file moved from 'D:/Projects/Parscoders/400861_VHDL_RS232_BuubleSort/Vivado/Main020217' since last save.
Scanning sources...
Finished scanning sources
INFO: [IP_Flow 19-234] Refreshing IP repositories
INFO: [IP_Flow 19-1704] No user IP repositories specified
INFO: [IP_Flow 19-2313] Loaded Vivado IP repository 'D:/Xilinx/Vivado/2019.1/data/ip'.
open_project: Time (s): cpu = 00:00:13 ; elapsed = 00:00:17 . Memory (MB): peak = 772.020 ; gain = 130.027
update_compile_order -fileset sources_1
reset_run synth_1
launch_runs synth_1 -jobs 8
CRITICAL WARNING: [HDL 9-806] Syntax error near "generic". [D:/Parscoders/400861_VHDL_RS232_BuubleSort/Vivado/Main020217/Main020217.srcs/sources_1/new/Main.vhd:49]
CRITICAL WARNING: [HDL 9-806] Syntax error near ":". [D:/Parscoders/400861_VHDL_RS232_BuubleSort/Vivado/Main020217/Main020217.srcs/sources_1/new/Main.vhd:63]
CRITICAL WARNING: [HDL 9-806] Syntax error near "port". [D:/Parscoders/400861_VHDL_RS232_BuubleSort/Vivado/Main020217/Main020217.srcs/sources_1/new/Main.vhd:74]
CRITICAL WARNING: [HDL 9-806] Syntax error near ";". [D:/Parscoders/400861_VHDL_RS232_BuubleSort/Vivado/Main020217/Main020217.srcs/sources_1/new/Main.vhd:74]
CRITICAL WARNING: [HDL 9-806] Syntax error near "port". [D:/Parscoders/400861_VHDL_RS232_BuubleSort/Vivado/Main020217/Main020217.srcs/sources_1/new/Main.vhd:77]
CRITICAL WARNING: [HDL 9-806] Syntax error near ";". [D:/Parscoders/400861_VHDL_RS232_BuubleSort/Vivado/Main020217/Main020217.srcs/sources_1/new/Main.vhd:77]
[Mon May  8 11:07:26 2023] Launched synth_1...
Run output will be captured here: D:/Parscoders/400861_VHDL_RS232_BuubleSort/Vivado/Main020217/Main020217.runs/synth_1/runme.log
exit
INFO: [Common 17-206] Exiting Vivado at Mon May  8 11:29:33 2023...
